2022-09-15 Thursday 13:47:18 root:INFO:Start sortsounds
2022-09-15 Thursday 13:47:19 root:INFO:Batlife_Ottenby_2022-07-01_23-50-38_0006303.wav --> Eptesicus sp. (Eptesicusart)
2022-09-15 Thursday 13:47:19 root:INFO:Batlife_Ottenby_2022-08-02_01-49-15_0008496.wav --> Eptesicus sp. (Eptesicusart)
2022-09-15 Thursday 13:47:19 root:INFO:Batlife_Ottenby_2022-06-27_00-57-36_0005373.wav --> Nyctalus sp. (Nyctalusart)
2022-09-15 Thursday 13:47:19 root:INFO:Batlife_Ottenby_2022-08-18_22-59-30_0012416.wav --> Nyctalus sp. (Nyctalusart)
2022-09-15 Thursday 13:47:19 root:INFO:Batlife_Ottenby_2022-08-28_00-09-04_0014783.wav --> Nyctalus sp. (Nyctalusart)
2022-09-15 Thursday 13:47:19 root:INFO:Batlife_Ottenby_2022-08-28_00-37-22_0014845.wav --> Nyctalus sp. (Nyctalusart)
2022-09-15 Thursday 13:47:19 root:INFO:Batlife_Ottenby_2022-08-31_23-18-12_0015503.wav --> Nyctalus sp. (Nyctalusart)
2022-09-15 Thursday 13:49:21 root:INFO:Start sortsounds
2022-09-15 Thursday 13:49:23 root:INFO:Mappen /batcaterories behövdes inte skapas.
2022-09-15 Thursday 13:49:23 root:INFO:Batlife_Ottenby_2022-07-01_23-50-38_0006303.wav --> Eptesicus sp. (Eptesicusart)
2022-09-15 Thursday 13:49:23 root:INFO:Batlife_Ottenby_2022-08-02_01-49-15_0008496.wav --> Eptesicus sp. (Eptesicusart)
2022-09-15 Thursday 13:49:23 root:INFO:Batlife_Ottenby_2022-06-27_00-57-36_0005373.wav --> Nyctalus sp. (Nyctalusart)
2022-09-15 Thursday 13:49:23 root:INFO:Batlife_Ottenby_2022-08-18_22-59-30_0012416.wav --> Nyctalus sp. (Nyctalusart)
2022-09-15 Thursday 13:49:23 root:INFO:Batlife_Ottenby_2022-08-28_00-09-04_0014783.wav --> Nyctalus sp. (Nyctalusart)
2022-09-15 Thursday 13:49:23 root:INFO:Batlife_Ottenby_2022-08-28_00-37-22_0014845.wav --> Nyctalus sp. (Nyctalusart)
2022-09-15 Thursday 13:49:23 root:INFO:Batlife_Ottenby_2022-08-31_23-18-12_0015503.wav --> Nyctalus sp. (Nyctalusart)
2022-09-15 Thursday 13:49:41 root:INFO:Start sortsounds
2022-09-15 Thursday 13:49:43 root:INFO:Mappen /batcaterories behövdes inte skapas.
2022-09-15 Thursday 13:49:43 root:INFO:Batlife_Ottenby_2022-06-27_00-57-36_0005373.wav --> Nyctalus sp. (Nyctalusart)
2022-09-15 Thursday 13:49:43 root:INFO:Batlife_Ottenby_2022-08-18_22-59-30_0012416.wav --> Nyctalus sp. (Nyctalusart)
2022-09-15 Thursday 13:49:43 root:INFO:Batlife_Ottenby_2022-08-28_00-09-04_0014783.wav --> Nyctalus sp. (Nyctalusart)
2022-09-15 Thursday 13:49:43 root:INFO:Batlife_Ottenby_2022-08-28_00-37-22_0014845.wav --> Nyctalus sp. (Nyctalusart)
2022-09-15 Thursday 13:49:43 root:INFO:Batlife_Ottenby_2022-08-31_23-18-12_0015503.wav --> Nyctalus sp. (Nyctalusart)
2022-09-15 Thursday 13:49:43 root:INFO:Batlife_Ottenby_2022-07-01_23-50-38_0006303.wav --> Eptesicus sp. (Eptesicusart)
2022-09-15 Thursday 13:49:43 root:INFO:Batlife_Ottenby_2022-08-02_01-49-15_0008496.wav --> Eptesicus sp. (Eptesicusart)
2022-09-15 Thursday 13:50:30 root:INFO:Start sortsounds
2022-09-15 Thursday 13:50:32 root:INFO:Mappen /batcaterories behövdes inte skapas.
2022-09-15 Thursday 13:50:32 root:INFO:Batlife_Ottenby_2022-06-27_00-57-36_0005373.wav --> Nyctalus sp. (Nyctalusart)
2022-09-15 Thursday 13:50:32 root:INFO:Batlife_Ottenby_2022-08-18_22-59-30_0012416.wav --> Nyctalus sp. (Nyctalusart)
2022-09-15 Thursday 13:50:32 root:INFO:Batlife_Ottenby_2022-08-28_00-09-04_0014783.wav --> Nyctalus sp. (Nyctalusart)
2022-09-15 Thursday 13:50:32 root:INFO:Batlife_Ottenby_2022-08-28_00-37-22_0014845.wav --> Nyctalus sp. (Nyctalusart)
2022-09-15 Thursday 13:50:32 root:INFO:Batlife_Ottenby_2022-08-31_23-18-12_0015503.wav --> Nyctalus sp. (Nyctalusart)
2022-09-15 Thursday 13:50:32 root:INFO:Batlife_Ottenby_2022-07-01_23-50-38_0006303.wav --> Eptesicus sp. (Eptesicusart)
2022-09-15 Thursday 13:50:32 root:INFO:Batlife_Ottenby_2022-08-02_01-49-15_0008496.wav --> Eptesicus sp. (Eptesicusart)
2022-09-15 Thursday 13:50:32 root:WARNING:Kunde inte skapa sort_logg.csv
2022-09-15 Thursday 13:52:31 root:INFO:Start sortsounds
2022-09-15 Thursday 13:52:32 root:INFO:Mappen /batcaterories behövdes inte skapas.
2022-09-15 Thursday 13:52:32 root:INFO:Batlife_Ottenby_2022-07-01_23-50-38_0006303.wav --> Eptesicus sp. (Eptesicusart)
2022-09-15 Thursday 13:52:32 root:INFO:Batlife_Ottenby_2022-08-02_01-49-15_0008496.wav --> Eptesicus sp. (Eptesicusart)
2022-09-15 Thursday 13:52:32 root:INFO:Batlife_Ottenby_2022-06-27_00-57-36_0005373.wav --> Nyctalus sp. (Nyctalusart)
2022-09-15 Thursday 13:52:32 root:INFO:Batlife_Ottenby_2022-08-18_22-59-30_0012416.wav --> Nyctalus sp. (Nyctalusart)
2022-09-15 Thursday 13:52:32 root:INFO:Batlife_Ottenby_2022-08-28_00-09-04_0014783.wav --> Nyctalus sp. (Nyctalusart)
2022-09-15 Thursday 13:52:32 root:INFO:Batlife_Ottenby_2022-08-28_00-37-22_0014845.wav --> Nyctalus sp. (Nyctalusart)
2022-09-15 Thursday 13:52:32 root:INFO:Batlife_Ottenby_2022-08-31_23-18-12_0015503.wav --> Nyctalus sp. (Nyctalusart)
2022-09-15 Thursday 13:52:32 root:WARNING:Kunde inte skapa sort_logg.csv
2022-09-15 Thursday 13:53:08 root:INFO:Start sortsounds
2022-09-15 Thursday 13:53:10 root:INFO:Mappen /batcaterories behövdes inte skapas.
2022-09-15 Thursday 13:53:10 root:INFO:Batlife_Ottenby_2022-07-01_23-50-38_0006303.wav --> Eptesicus sp. (Eptesicusart)
2022-09-15 Thursday 13:53:10 root:INFO:Batlife_Ottenby_2022-08-02_01-49-15_0008496.wav --> Eptesicus sp. (Eptesicusart)
2022-09-15 Thursday 13:53:11 root:INFO:Batlife_Ottenby_2022-06-27_00-57-36_0005373.wav --> Nyctalus sp. (Nyctalusart)
2022-09-15 Thursday 13:53:11 root:INFO:Batlife_Ottenby_2022-08-18_22-59-30_0012416.wav --> Nyctalus sp. (Nyctalusart)
2022-09-15 Thursday 13:53:11 root:INFO:Batlife_Ottenby_2022-08-28_00-09-04_0014783.wav --> Nyctalus sp. (Nyctalusart)
2022-09-15 Thursday 13:53:11 root:INFO:Batlife_Ottenby_2022-08-28_00-37-22_0014845.wav --> Nyctalus sp. (Nyctalusart)
2022-09-15 Thursday 13:53:11 root:INFO:Batlife_Ottenby_2022-08-31_23-18-12_0015503.wav --> Nyctalus sp. (Nyctalusart)
2022-09-15 Thursday 13:53:11 root:WARNING:Kunde inte skapa sort_logg.csv
2022-09-15 Thursday 13:54:30 root:INFO:Start sortsounds
2022-09-15 Thursday 13:54:32 root:INFO:Mappen /batcaterories behövdes inte skapas.
2022-09-15 Thursday 13:54:32 root:INFO:Batlife_Ottenby_2022-06-27_00-57-36_0005373.wav --> Nyctalus sp. (Nyctalusart)
2022-09-15 Thursday 13:54:32 root:INFO:Batlife_Ottenby_2022-08-18_22-59-30_0012416.wav --> Nyctalus sp. (Nyctalusart)
2022-09-15 Thursday 13:54:32 root:INFO:Batlife_Ottenby_2022-08-28_00-09-04_0014783.wav --> Nyctalus sp. (Nyctalusart)
2022-09-15 Thursday 13:54:32 root:INFO:Batlife_Ottenby_2022-08-28_00-37-22_0014845.wav --> Nyctalus sp. (Nyctalusart)
2022-09-15 Thursday 13:54:32 root:INFO:Batlife_Ottenby_2022-08-31_23-18-12_0015503.wav --> Nyctalus sp. (Nyctalusart)
2022-09-15 Thursday 13:54:32 root:INFO:Batlife_Ottenby_2022-07-01_23-50-38_0006303.wav --> Eptesicus sp. (Eptesicusart)
2022-09-15 Thursday 13:54:32 root:INFO:Batlife_Ottenby_2022-08-02_01-49-15_0008496.wav --> Eptesicus sp. (Eptesicusart)
2022-09-15 Thursday 14:04:27 root:INFO:Start sortsounds
2022-09-15 Thursday 14:04:29 root:INFO:Batlife_Ottenby_2022-06-27_00-57-36_0005373.wav --> Nyctalus sp. (Nyctalusart)
2022-09-15 Thursday 14:04:29 root:INFO:Batlife_Ottenby_2022-08-18_22-59-30_0012416.wav --> Nyctalus sp. (Nyctalusart)
2022-09-15 Thursday 14:04:29 root:INFO:Batlife_Ottenby_2022-08-28_00-09-04_0014783.wav --> Nyctalus sp. (Nyctalusart)
2022-09-15 Thursday 14:04:29 root:INFO:Batlife_Ottenby_2022-08-28_00-37-22_0014845.wav --> Nyctalus sp. (Nyctalusart)
2022-09-15 Thursday 14:04:29 root:INFO:Batlife_Ottenby_2022-08-31_23-18-12_0015503.wav --> Nyctalus sp. (Nyctalusart)
2022-09-15 Thursday 14:04:29 root:INFO:Batlife_Ottenby_2022-07-01_23-50-38_0006303.wav --> Eptesicus sp. (Eptesicusart)
2022-09-15 Thursday 14:04:29 root:INFO:Batlife_Ottenby_2022-08-02_01-49-15_0008496.wav --> Eptesicus sp. (Eptesicusart)
